<html>
<head>
<title>TestNG:  Default test</title>
<link href="../testng.css" rel="stylesheet" type="text/css" />
<link href="../my-testng.css" rel="stylesheet" type="text/css" />

<style type="text/css">
.log { display: none;} 
.stack-trace { display: none;} 
</style>
<script type="text/javascript">
<!--
function flip(e) {
  current = e.style.display;
  if (current == 'block') {
    e.style.display = 'none';
    return 0;
  }
  else {
    e.style.display = 'block';
    return 1;
  }
}

function toggleBox(szDivId, elem, msg1, msg2)
{
  var res = -1;  if (document.getElementById) {
    res = flip(document.getElementById(szDivId));
  }
  else if (document.all) {
    // this is the way old msie versions work
    res = flip(document.all[szDivId]);
  }
  if(elem) {
    if(res == 0) elem.innerHTML = msg1; else elem.innerHTML = msg2;
  }

}

function toggleAllBoxes() {
  if (document.getElementsByTagName) {
    d = document.getElementsByTagName('div');
    for (i = 0; i < d.length; i++) {
      if (d[i].className == 'log') {
        flip(d[i]);
      }
    }
  }
}

// -->
</script>

</head>
<body>
<h2 align='center'>Default test</h2><table border='1' align="center">
<tr>
<td>Tests passed/Failed/Skipped:</td><td>3/1/1</td>
</tr><tr>
<td>Started on:</td><td>Thu May 15 12:52:29 IST 2025</td>
</tr>
<tr><td>Total time:</td><td>311 seconds (311762 ms)</td>
</tr><tr>
<td>Included groups:</td><td></td>
</tr><tr>
<td>Excluded groups:</td><td></td>
</tr>
</table><p/>
<small><i>(Hover the method name to see the test class name)</i></small><p/>
<table width='100%' border='1' class='invocation-failed'>
<tr><td colspan='4' align='center'><b>FAILED TESTS</b></td></tr>
<tr><td><b>Test method</b></td>
<td width="30%"><b>Exception</b></td>
<td width="10%"><b>Time (seconds)</b></td>
<td><b>Instance</b></td>
</tr>
<tr>
<td title='usedCar.HPNR.Acquisition_Quotes_HPNR_FL_used_car_with_maintenance_Test.aquisition_quotes_customer_quote_payment_profile_calculations_with_maintenance_test()'><b>aquisition_quotes_customer_quote_payment_profile_calculations_with_maintenance_test</b><br>Test class: usedCar.HPNR.Acquisition_Quotes_HPNR_FL_used_car_with_maintenance_Test<br>Parameters: GY19XAG, 15000, 60000, 1000, 30, 30, 20000, 50, 10000, 6000, 2000, 1000, 199.99, 500, 200, 200, 35, 35000, YES, 0.2, 200, NO, 0, Formula1-FL_Used_car<br/>
<a href="#Output-1284610653" onClick='toggleBox("Output-1284610653", this, "Show output", "Hide output");'>Show output</a>

<a href="#Output-1284610653" onClick="toggleAllBoxes();">Show all outputs</a>
<div class='log' id="Output-1284610653">
<b>Writing configuration values from property file to Excel for customer quote calculation -started</b> <br /><br/>
<b>Writing configuration values from property file to Excel for customer quote calculation -completed</b> <br /><br/>
<b>************Calculations for Customer Quote Page has been started***********</b> <br /><br/>
<b>Payment Profile Monthly in Advance option has been selected</b> <br /><br/>
<b>Writing values to Excel for customer quote calculation -started</b> <br /><br/>
<b>Writing values to Excel for customer quote calculation -completed</b> <br /><br/>
<b>Reading  Monthly Finance Rental and monthly maintenance cost from  Excel   -started</b> <br /><br/>
<b>Reading  Monthly Finance Rental and monthly maintenance cost from  Excel  -completed</b> <br /><br/>
<b>Monthly Finance Rental from Excel is =915.7982202895416</b> <br /><br/>
<b>Monthly maintenance Rental from Excel is =0.0</b> <br /><br/>
<b>************Calculations for Customer Quote Page has been started***********</b> <br /><br/>
<b>Payment Profile Monthly in Advance option has been selected</b> <br /><br/>
<b>Writing values to Excel for customer quote calculation -started</b> <br /><br/>
<b>Writing values to Excel for customer quote calculation -completed</b> <br /><br/>
<b>Reading  Monthly Finance Rental from  Excel   -started</b> <br /><br/>
<b>Reading  Monthly Finance Rental from  Excel   -completed</b> <br /><br/>
<b>Monthly Finance Rental from Excel is =915.7982202895416</b> <br /><br/>
<b>Monthly Finance Rental from screen is 915.79</b> <br /><br/>
<b>Started verifying monthly payments with upsell values</b> <br /><br/>
<b>Monthly Finance Rental from screen (after submitting upsell values) is 935.57</b> <br /><br/>
<b>Writing upsell values to excel</b> <br /><br/>
<b>Monthly Finance Rental from Excel (after submitting upsell values) is 935.5766524037791</b> <br /><br/>
<b>Monthly finance (after submitting upsell values) is found OK</b> <br /><br/>
<b>Entering the deposit Values</b> <br /><br/>
<br>----------Screenshot---------<br><br/>
<img src="D:\Acquisition OTR\AMT_Acquisition_OTR\target\surefire-reports\html\failure_screenshots\aquisition_quotes_customer_quote_payment_profile_calculations_with_maintenance_test_15_05_2025_12_57_40.png" height="800" width="1000"><br/>
</div>
</td>
<td><div><pre>org.openqa.selenium.NoSuchElementException: no such element: Unable to locate element: {&quot;method&quot;:&quot;xpath&quot;,&quot;selector&quot;:&quot;//*[normalize-space()=&apos;Monthly maint. payment&apos;]//ancestor::div[1]//div//p//strong|//*[normalize-space()=&apos;Monthly maint. rental&apos;]//ancestor::div[1]//div//p//strong&quot;}
  (Session info: chrome=136.0.7103.93)
For documentation on this error, please visit: https://selenium.dev/exceptions/#no_such_element
Build info: version: &apos;4.1.0&apos;, revision: &apos;87802e897b&apos;
System info: host: &apos;DSK-4052&apos;, ip: &apos;172.16.1.80&apos;, os.name: &apos;Windows 10&apos;, os.arch: &apos;amd64&apos;, os.version: &apos;10.0&apos;, java.version: &apos;19.0.1&apos;
Driver info: org.openqa.selenium.chrome.ChromeDriver
Command: [aec79a2da7542e5031c12ac975ab3424, findElement {using=xpath, value=//*[normalize-space()=&apos;Monthly maint. payment&apos;]//ancestor::div[1]//div//p//strong|//*[normalize-space()=&apos;Monthly maint. rental&apos;]//ancestor::div[1]//div//p//strong}]
Capabilities {acceptInsecureCerts: false, browserName: chrome, browserVersion: 136.0.7103.93, chrome: {chromedriverVersion: 135.0.7049.42 (0f351bbd2617..., userDataDir: C:\Users\NITEIN~1.KUR\AppDa...}, fedcm:accounts: true, goog:chromeOptions: {debuggerAddress: localhost:54455}, javascriptEnabled: true, networkConnectionEnabled: false, pageLoadStrategy: normal, platform: WINDOWS, platformName: WINDOWS, proxy: Proxy(), se:cdp: ws://localhost:54455/devtoo..., se:cdpVersion: 136.0.7103.93, setWindowRect: true, strictFileInteractability: false, timeouts: {implicit: 0, pageLoad: 300000, script: 30000}, unhandledPromptBehavior: dismiss and notify, webauthn:extension:credBlob: true, webauthn:extension:largeBlob: true, webauthn:extension:minPinLength: true, webauthn:extension:prf: true, webauthn:virtualAuthenticators: true}
Session ID: aec79a2da7542e5031c12ac975ab3424
	at java.base/jdk.internal.reflect.DirectConstructorHandleAccessor.newInstance(DirectConstructorHandleAccessor.java:67)
	at java.base/java.lang.reflect.Constructor.newInstanceWithCaller(Constructor.java:500)
	at java.base/java.lang.reflect.Constructor.newInstance(Constructor.java:484)
	at org.openqa.selenium.remote.codec.w3c.W3CHttpResponseCodec.createException(W3CHttpResponseCodec.java:200)
	at org.openqa.selenium.remote.codec.w3c.W3CHttpResponseCodec.decode(W3CHttpResponseCodec.java:133)
	at org.openqa.selenium.remote.codec.w3c.W3CHttpResponseCodec.decode(W3CHttpResponseCodec.java:53)
	at org.openqa.selenium.remote.HttpCommandExecutor.execute(HttpCommandExecutor.java:184)
	at org.openqa.selenium.remote.service.DriverCommandExecutor.invokeExecute(DriverCommandExecutor.java:164)
	at org.openqa.selenium.remote.service.DriverCommandExecutor.execute(DriverCommandExecutor.java:139)
	at org.openqa.selenium.remote.RemoteWebDriver.execute(RemoteWebDriver.java:559)
	at org.openqa.selenium.remote.ElementLocation$ElementFinder$2.findElement(ElementLocation.java:162)
	at org.openqa.selenium.remote.ElementLocation.findElement(ElementLocation.java:60)
	at org.openqa.selenium.remote.RemoteWebDriver.findElement(RemoteWebDriver.java:383)
	at org.openqa.selenium.remote.RemoteWebDriver.findElement(RemoteWebDriver.java:375)
	at org.openqa.selenium.support.pagefactory.DefaultElementLocator.findElement(DefaultElementLocator.java:70)
	at org.openqa.selenium.support.pagefactory.internal.LocatingElementHandler.invoke(LocatingElementHandler.java:39)
	at jdk.proxy2/jdk.proxy2.$Proxy22.getText(Unknown Source)
	at com.amt.CustomerQuotePackage.CustomerQuotePage_HPNR_FL_Page.check_monthly_finance_rental_with_part_exchange_with_maintenance(CustomerQuotePage_HPNR_FL_Page.java:620)
	at usedCar.HPNR.Acquisition_Quotes_HPNR_FL_used_car_with_maintenance_Test.aquisition_quotes_customer_quote_payment_profile_calculations_with_maintenance_test(Acquisition_Quotes_HPNR_FL_used_car_with_maintenance_Test.java:150)
	at java.base/jdk.internal.reflect.DirectMethodHandleAccessor.invoke(DirectMethodHandleAccessor.java:104)
	at java.base/java.lang.reflect.Method.invoke(Method.java:578)
	at org.testng.internal.MethodInvocationHelper.invokeMethod(MethodInvocationHelper.java:133)
	at org.testng.internal.TestInvoker.invokeMethod(TestInvoker.java:598)
	at org.testng.internal.TestInvoker.invokeTestMethod(TestInvoker.java:173)
	at org.testng.internal.MethodRunner.runInSequence(MethodRunner.java:46)
	at org.testng.internal.TestInvoker$MethodInvocationAgent.invoke(TestInvoker.java:824)
	at org.testng.internal.TestInvoker.invokeTestMethods(TestInvoker.java:146)
	at org.testng.internal.TestMethodWorker.invokeTestMethods(TestMethodWorker.java:146)
	at org.testng.internal.TestMethodWorker.run(TestMethodWorker.java:128)
	at java.base/java.util.ArrayList.forEach(ArrayList.java:1511)
	at org.testng.TestRunner.privateRun(TestRunner.java:794)
	at org.testng.TestRunner.run(TestRunner.java:596)
	at org.testng.SuiteRunner.runTest(SuiteRunner.java:377)
	at org.testng.SuiteRunner.runSequentially(SuiteRunner.java:371)
	at org.testng.SuiteRunner.privateRun(SuiteRunner.java:332)
	at org.testng.SuiteRunner.run(SuiteRunner.java:276)
	at org.testng.SuiteRunnerWorker.runSuite(SuiteRunnerWorker.java:53)
	at org.testng.SuiteRunnerWorker.run(SuiteRunnerWorker.java:96)
	at org.testng.TestNG.runSuitesSequentially(TestNG.java:1212)
	at org.testng.TestNG.runSuitesLocally(TestNG.java:1134)
	at org.testng.TestNG.runSuites(TestNG.java:1063)
	at org.testng.TestNG.run(TestNG.java:1031)
	at org.testng.remote.AbstractRemoteTestNG.run(AbstractRemoteTestNG.java:115)
	at org.testng.remote.RemoteTestNG.initAndRun(RemoteTestNG.java:251)
	at org.testng.remote.RemoteTestNG.main(RemoteTestNG.java:77)
</pre></div><a href='#' onClick='toggleBox("stack-trace1284610653", this, "Click to show all stack frames", "Click to hide stack frames")'>Click to show all stack frames</a>
<div class='stack-trace' id='stack-trace1284610653'><pre>org.openqa.selenium.NoSuchElementException: no such element: Unable to locate element: {&quot;method&quot;:&quot;xpath&quot;,&quot;selector&quot;:&quot;//*[normalize-space()=&apos;Monthly maint. payment&apos;]//ancestor::div[1]//div//p//strong|//*[normalize-space()=&apos;Monthly maint. rental&apos;]//ancestor::div[1]//div//p//strong&quot;}
  (Session info: chrome=136.0.7103.93)
For documentation on this error, please visit: https://selenium.dev/exceptions/#no_such_element
Build info: version: &apos;4.1.0&apos;, revision: &apos;87802e897b&apos;
System info: host: &apos;DSK-4052&apos;, ip: &apos;172.16.1.80&apos;, os.name: &apos;Windows 10&apos;, os.arch: &apos;amd64&apos;, os.version: &apos;10.0&apos;, java.version: &apos;19.0.1&apos;
Driver info: org.openqa.selenium.chrome.ChromeDriver
Command: [aec79a2da7542e5031c12ac975ab3424, findElement {using=xpath, value=//*[normalize-space()=&apos;Monthly maint. payment&apos;]//ancestor::div[1]//div//p//strong|//*[normalize-space()=&apos;Monthly maint. rental&apos;]//ancestor::div[1]//div//p//strong}]
Capabilities {acceptInsecureCerts: false, browserName: chrome, browserVersion: 136.0.7103.93, chrome: {chromedriverVersion: 135.0.7049.42 (0f351bbd2617..., userDataDir: C:\Users\NITEIN~1.KUR\AppDa...}, fedcm:accounts: true, goog:chromeOptions: {debuggerAddress: localhost:54455}, javascriptEnabled: true, networkConnectionEnabled: false, pageLoadStrategy: normal, platform: WINDOWS, platformName: WINDOWS, proxy: Proxy(), se:cdp: ws://localhost:54455/devtoo..., se:cdpVersion: 136.0.7103.93, setWindowRect: true, strictFileInteractability: false, timeouts: {implicit: 0, pageLoad: 300000, script: 30000}, unhandledPromptBehavior: dismiss and notify, webauthn:extension:credBlob: true, webauthn:extension:largeBlob: true, webauthn:extension:minPinLength: true, webauthn:extension:prf: true, webauthn:virtualAuthenticators: true}
Session ID: aec79a2da7542e5031c12ac975ab3424
	at java.base/jdk.internal.reflect.DirectConstructorHandleAccessor.newInstance(DirectConstructorHandleAccessor.java:67)
	at java.base/java.lang.reflect.Constructor.newInstanceWithCaller(Constructor.java:500)
	at java.base/java.lang.reflect.Constructor.newInstance(Constructor.java:484)
	at org.openqa.selenium.remote.codec.w3c.W3CHttpResponseCodec.createException(W3CHttpResponseCodec.java:200)
	at org.openqa.selenium.remote.codec.w3c.W3CHttpResponseCodec.decode(W3CHttpResponseCodec.java:133)
	at org.openqa.selenium.remote.codec.w3c.W3CHttpResponseCodec.decode(W3CHttpResponseCodec.java:53)
	at org.openqa.selenium.remote.HttpCommandExecutor.execute(HttpCommandExecutor.java:184)
	at org.openqa.selenium.remote.service.DriverCommandExecutor.invokeExecute(DriverCommandExecutor.java:164)
	at org.openqa.selenium.remote.service.DriverCommandExecutor.execute(DriverCommandExecutor.java:139)
	at org.openqa.selenium.remote.RemoteWebDriver.execute(RemoteWebDriver.java:559)
	at org.openqa.selenium.remote.ElementLocation$ElementFinder$2.findElement(ElementLocation.java:162)
	at org.openqa.selenium.remote.ElementLocation.findElement(ElementLocation.java:60)
	at org.openqa.selenium.remote.RemoteWebDriver.findElement(RemoteWebDriver.java:383)
	at org.openqa.selenium.remote.RemoteWebDriver.findElement(RemoteWebDriver.java:375)
	at org.openqa.selenium.support.pagefactory.DefaultElementLocator.findElement(DefaultElementLocator.java:70)
	at org.openqa.selenium.support.pagefactory.internal.LocatingElementHandler.invoke(LocatingElementHandler.java:39)
	at jdk.proxy2/jdk.proxy2.$Proxy22.getText(Unknown Source)
	at com.amt.CustomerQuotePackage.CustomerQuotePage_HPNR_FL_Page.check_monthly_finance_rental_with_part_exchange_with_maintenance(CustomerQuotePage_HPNR_FL_Page.java:620)
	at usedCar.HPNR.Acquisition_Quotes_HPNR_FL_used_car_with_maintenance_Test.aquisition_quotes_customer_quote_payment_profile_calculations_with_maintenance_test(Acquisition_Quotes_HPNR_FL_used_car_with_maintenance_Test.java:150)
	at java.base/jdk.internal.reflect.DirectMethodHandleAccessor.invoke(DirectMethodHandleAccessor.java:104)
	at java.base/java.lang.reflect.Method.invoke(Method.java:578)
	at org.testng.internal.MethodInvocationHelper.invokeMethod(MethodInvocationHelper.java:133)
	at org.testng.internal.TestInvoker.invokeMethod(TestInvoker.java:598)
	at org.testng.internal.TestInvoker.invokeTestMethod(TestInvoker.java:173)
	at org.testng.internal.MethodRunner.runInSequence(MethodRunner.java:46)
	at org.testng.internal.TestInvoker$MethodInvocationAgent.invoke(TestInvoker.java:824)
	at org.testng.internal.TestInvoker.invokeTestMethods(TestInvoker.java:146)
	at org.testng.internal.TestMethodWorker.invokeTestMethods(TestMethodWorker.java:146)
	at org.testng.internal.TestMethodWorker.run(TestMethodWorker.java:128)
	at java.base/java.util.ArrayList.forEach(ArrayList.java:1511)
	at org.testng.TestRunner.privateRun(TestRunner.java:794)
	at org.testng.TestRunner.run(TestRunner.java:596)
	at org.testng.SuiteRunner.runTest(SuiteRunner.java:377)
	at org.testng.SuiteRunner.runSequentially(SuiteRunner.java:371)
	at org.testng.SuiteRunner.privateRun(SuiteRunner.java:332)
	at org.testng.SuiteRunner.run(SuiteRunner.java:276)
	at org.testng.SuiteRunnerWorker.runSuite(SuiteRunnerWorker.java:53)
	at org.testng.SuiteRunnerWorker.run(SuiteRunnerWorker.java:96)
	at org.testng.TestNG.runSuitesSequentially(TestNG.java:1212)
	at org.testng.TestNG.runSuitesLocally(TestNG.java:1134)
	at org.testng.TestNG.runSuites(TestNG.java:1063)
	at org.testng.TestNG.run(TestNG.java:1031)
	at org.testng.remote.AbstractRemoteTestNG.run(AbstractRemoteTestNG.java:115)
	at org.testng.remote.RemoteTestNG.initAndRun(RemoteTestNG.java:251)
	at org.testng.remote.RemoteTestNG.main(RemoteTestNG.java:77)
</pre></div></td>
<td>164</td>
<td>usedCar.HPNR.Acquisition_Quotes_HPNR_FL_used_car_with_maintenance_Test@7d0b7e3c</td></tr>
</table><p>
<table width='100%' border='1' class='invocation-passed'>
<tr><td colspan='4' align='center'><b>PASSED TESTS</b></td></tr>
<tr><td><b>Test method</b></td>
<td width="30%"><b>Exception</b></td>
<td width="10%"><b>Time (seconds)</b></td>
<td><b>Instance</b></td>
</tr>
<tr>
<td title='usedCar.HPNR.Acquisition_Quotes_HPNR_FL_used_car_with_maintenance_Test.aquisition_quotes_used_car_holding_cost_calculations_with_maintenance_test()'><b>aquisition_quotes_used_car_holding_cost_calculations_with_maintenance_test</b><br>Test class: usedCar.HPNR.Acquisition_Quotes_HPNR_FL_used_car_with_maintenance_Test<br>Parameters: GY19XAG, 15000, 60000, 1000, 30, 30, 20000, 50, 10000, 6000, 2000, 1000, 199.99, 500, 200, 200, 35, 35000, YES, 0.2, 200, NO, 0, Formula1-FL_Used_car<br/>
<a href="#Output-1490549649" onClick='toggleBox("Output-1490549649", this, "Show output", "Hide output");'>Show output</a>

<a href="#Output-1490549649" onClick="toggleAllBoxes();">Show all outputs</a>
<div class='log' id="Output-1490549649">
<b>***********Entered in holding cost page ***********</b> <br /><br/>
<b>Clicked on holding cost summary</b> <br /><br/>
<b>Clicked on holding_cost_maintenance_toggle_button</b> <br /><br/>
<b></b> <br /><br/>
<b>***Verifying Holding Cost before editing CAP data*** </b> <br /><br/>
<b>Getting on screen values from Holding Cost Page</b> <br /><br/>
<b>Duration(Terms) =24.0</b> <br /><br/>
<b>Annual_mileage =8000.0</b> <br /><br/>
<b>Residual_value_from_screen =0.0</b> <br /><br/>
<b>Writing Holding Cost Summary values to excel has been started</b> <br /><br/>
<b>Writing Holding Cost Summary values to excel has been completed</b> <br /><br/>
<b>Reading Monthly Holding Cost value from excel has been started</b> <br /><br/>
<b>Reading Monthly Holding Cost value from excel has been completed</b> <br /><br/>
<b>Total_monthly_holding_cost_from_screen =803.50</b> <br /><br/>
<b>Total_monthly_holding_cost_from_excel =803.503627306209</b> <br /><br/>
<b>Total Monthly Holding Cost based on CAP data is Verified and Found OK</b> <br /><br/>
</div>
</td>
<td></td>
<td>28</td>
<td>usedCar.HPNR.Acquisition_Quotes_HPNR_FL_used_car_with_maintenance_Test@7d0b7e3c</td></tr>
<tr>
<td title='usedCar.HPNR.Acquisition_Quotes_HPNR_FL_used_car_with_maintenance_Test.aquisition_quotes_used_car_OTR_calculation_with_maintenance_test()'><b>aquisition_quotes_used_car_OTR_calculation_with_maintenance_test</b><br>Test class: usedCar.HPNR.Acquisition_Quotes_HPNR_FL_used_car_with_maintenance_Test<br>Parameters: GY19XAG, 15000, 60000, 1000, 30, 30, 20000, 50, 10000, 6000, 2000, 1000, 199.99, 500, 200, 200, 35, 35000, YES, 0.2, 200, NO, 0, Formula1-FL_Used_car<br/>
<a href="#Output-1186127045" onClick='toggleBox("Output-1186127045", this, "Show output", "Hide output");'>Show output</a>

<a href="#Output-1186127045" onClick="toggleAllBoxes();">Show all outputs</a>
<div class='log' id="Output-1186127045">
<b>Clicked on Quote button </b> <br /><br/>
<b>Selecting used vehicle with registration no. = GY19XAG and mileage = 15000</b> <br /><br/>
<b>Vehicle selected</b> <br /><br/>
<b>Paint option has been selected</b> <br /><br/>
<b>Interior option has been selected</b> <br /><br/>
<b> Acquisition Contract type option = HPNR has been selected</b> <br /><br/>
<b> Customer Contract type option = Finance Lease (FL) has been selected</b> <br /><br/>
<b>Cost Price ex VAT and RFL from screen is 17500.0</b> <br /><br/>
<b>VAT from screen is 3500.0</b> <br /><br/>
<b>Cost Price ex VAT and RFL calculated is 17500.0</b> <br /><br/>
<b>Cost Price ex VAT and RFL verified and found OK</b> <br /><br/>
</div>
</td>
<td></td>
<td>101</td>
<td>usedCar.HPNR.Acquisition_Quotes_HPNR_FL_used_car_with_maintenance_Test@7d0b7e3c</td></tr>
<tr>
<td title='usedCar.HPNR.Acquisition_Quotes_HPNR_FL_used_car_with_maintenance_Test.aquisition_quotes_used_car_edit_cost_price_and_check_OTR_with_maintenance_test()'><b>aquisition_quotes_used_car_edit_cost_price_and_check_OTR_with_maintenance_test</b><br>Test class: usedCar.HPNR.Acquisition_Quotes_HPNR_FL_used_car_with_maintenance_Test<br>Parameters: GY19XAG, 15000, 60000, 1000, 30, 30, 20000, 50, 10000, 6000, 2000, 1000, 199.99, 500, 200, 200, 35, 35000, YES, 0.2, 200, NO, 0, Formula1-FL_Used_car</td>
<td></td>
<td>0</td>
<td>usedCar.HPNR.Acquisition_Quotes_HPNR_FL_used_car_with_maintenance_Test@7d0b7e3c</td></tr>
</table><p>
<table width='100%' border='1' class='invocation-skipped'>
<tr><td colspan='4' align='center'><b>SKIPPED TESTS</b></td></tr>
<tr><td><b>Test method</b></td>
<td width="30%"><b>Exception</b></td>
<td width="10%"><b>Time (seconds)</b></td>
<td><b>Instance</b></td>
</tr>
<tr>
<td title='usedCar.HPNR.Acquisition_Quotes_HPNR_FL_used_car_with_maintenance_Test.aquisition_quotes_quote_summary_values_verification_with_maintenance_test()'><b>aquisition_quotes_quote_summary_values_verification_with_maintenance_test</b><br>Test class: usedCar.HPNR.Acquisition_Quotes_HPNR_FL_used_car_with_maintenance_Test</td>
<td><div><pre>java.lang.Throwable: Method Acquisition_Quotes_HPNR_FL_used_car_with_maintenance_Test.aquisition_quotes_quote_summary_values_verification_with_maintenance_test(java.lang.String,java.lang.String,java.lang.String,java.lang.String,java.lang.String,java.lang.String,java.lang.String,java.lang.String,java.lang.String,java.lang.String,java.lang.String,java.lang.String,java.lang.String,java.lang.String,java.lang.String,java.lang.String,java.lang.String,java.lang.String,java.lang.String,java.lang.String,java.lang.String,java.lang.String,java.lang.String,java.lang.String)[pri:5, instance:usedCar.HPNR.Acquisition_Quotes_HPNR_FL_used_car_with_maintenance_Test@7d0b7e3c] depends on not successfully finished methods
	at org.testng.internal.TestInvoker.invokeTestMethods(TestInvoker.java:102)
	at org.testng.internal.TestMethodWorker.invokeTestMethods(TestMethodWorker.java:146)
	at org.testng.internal.TestMethodWorker.run(TestMethodWorker.java:128)
	at java.base/java.util.ArrayList.forEach(ArrayList.java:1511)
	at org.testng.TestRunner.privateRun(TestRunner.java:794)
	at org.testng.TestRunner.run(TestRunner.java:596)
	at org.testng.SuiteRunner.runTest(SuiteRunner.java:377)
	at org.testng.SuiteRunner.runSequentially(SuiteRunner.java:371)
	at org.testng.SuiteRunner.privateRun(SuiteRunner.java:332)
	at org.testng.SuiteRunner.run(SuiteRunner.java:276)
	at org.testng.SuiteRunnerWorker.runSuite(SuiteRunnerWorker.java:53)
	at org.testng.SuiteRunnerWorker.run(SuiteRunnerWorker.java:96)
	at org.testng.TestNG.runSuitesSequentially(TestNG.java:1212)
	at org.testng.TestNG.runSuitesLocally(TestNG.java:1134)
	at org.testng.TestNG.runSuites(TestNG.java:1063)
	at org.testng.TestNG.run(TestNG.java:1031)
	at org.testng.remote.AbstractRemoteTestNG.run(AbstractRemoteTestNG.java:115)
	at org.testng.remote.RemoteTestNG.initAndRun(RemoteTestNG.java:251)
	at org.testng.remote.RemoteTestNG.main(RemoteTestNG.java:77)
</pre></div><a href='#' onClick='toggleBox("stack-trace1838626228", this, "Click to show all stack frames", "Click to hide stack frames")'>Click to show all stack frames</a>
<div class='stack-trace' id='stack-trace1838626228'><pre>java.lang.Throwable: Method Acquisition_Quotes_HPNR_FL_used_car_with_maintenance_Test.aquisition_quotes_quote_summary_values_verification_with_maintenance_test(java.lang.String,java.lang.String,java.lang.String,java.lang.String,java.lang.String,java.lang.String,java.lang.String,java.lang.String,java.lang.String,java.lang.String,java.lang.String,java.lang.String,java.lang.String,java.lang.String,java.lang.String,java.lang.String,java.lang.String,java.lang.String,java.lang.String,java.lang.String,java.lang.String,java.lang.String,java.lang.String,java.lang.String)[pri:5, instance:usedCar.HPNR.Acquisition_Quotes_HPNR_FL_used_car_with_maintenance_Test@7d0b7e3c] depends on not successfully finished methods
	at org.testng.internal.TestInvoker.invokeTestMethods(TestInvoker.java:102)
	at org.testng.internal.TestMethodWorker.invokeTestMethods(TestMethodWorker.java:146)
	at org.testng.internal.TestMethodWorker.run(TestMethodWorker.java:128)
	at java.base/java.util.ArrayList.forEach(ArrayList.java:1511)
	at org.testng.TestRunner.privateRun(TestRunner.java:794)
	at org.testng.TestRunner.run(TestRunner.java:596)
	at org.testng.SuiteRunner.runTest(SuiteRunner.java:377)
	at org.testng.SuiteRunner.runSequentially(SuiteRunner.java:371)
	at org.testng.SuiteRunner.privateRun(SuiteRunner.java:332)
	at org.testng.SuiteRunner.run(SuiteRunner.java:276)
	at org.testng.SuiteRunnerWorker.runSuite(SuiteRunnerWorker.java:53)
	at org.testng.SuiteRunnerWorker.run(SuiteRunnerWorker.java:96)
	at org.testng.TestNG.runSuitesSequentially(TestNG.java:1212)
	at org.testng.TestNG.runSuitesLocally(TestNG.java:1134)
	at org.testng.TestNG.runSuites(TestNG.java:1063)
	at org.testng.TestNG.run(TestNG.java:1031)
	at org.testng.remote.AbstractRemoteTestNG.run(AbstractRemoteTestNG.java:115)
	at org.testng.remote.RemoteTestNG.initAndRun(RemoteTestNG.java:251)
	at org.testng.remote.RemoteTestNG.main(RemoteTestNG.java:77)
</pre></div></td>
<td>0</td>
<td>usedCar.HPNR.Acquisition_Quotes_HPNR_FL_used_car_with_maintenance_Test@7d0b7e3c</td></tr>
</table><p>
</body>
</html>