<?xml version="1.0" encoding="UTF-8"?>
<!-- Generated by org.testng.reporters.JUnitXMLReporter -->
<testsuite ignored="6" hostname="DSK-4052" failures="3" tests="21" name="Test" time="1792.073" errors="0" timestamp="2025-05-07T14:59:55 IST">
  <testcase classname="newCar.HPNR.Acquisition_Quotes_HPNR_BCH_with_maintenance_Test" name="aquisition_quotes_HPNR_BCH_OTR_calculation_with_maintenance_test" time="158.309"/>
  <testcase classname="newCar.HPNR.Acquisition_Quotes_HPNR_BCH_with_maintenance_Test" name="aquisition_quotes_HPNR_BCH_after_discount_calculations_with_maintenance_test" time="4.155"/>
  <testcase classname="newCar.HPNR.Acquisition_Quotes_HPNR_BCH_with_maintenance_Test" name="aquisition_quotes_HPNR_BCH_other_support_check_with_maintenance_test" time="22.583"/>
  <testcase classname="newCar.HPNR.Acquisition_Quotes_HPNR_BCH_with_maintenance_Test" name="aquisition_quotes_HPNR_BCH_holding_cost_calculations_with_maintenance_test" time="64.598"/>
  <testcase classname="newCar.HPNR.Acquisition_Quotes_HPNR_BCH_with_maintenance_Test" name="aquisition_quotes_HPNR_BCH_customer_quote_payment_profile_calculations_with_maintenance_test" time="121.742"/>
  <testcase classname="newCar.HPNR.Acquisition_Quotes_HPNR_BCH_with_maintenance_Test" name="aquisition_quotes_HPNR_BCH_quote_summary_values_verification_with_maintenance_test" time="269.061"/>
  <testcase classname="newCar.BCH.Acquisition_Quotes_BCH_PCH_with_maintenance_Test" name="aquisition_quotes_BCH_PCH_OTR_calculation_with_maintenance_test" time="159.254"/>
  <testcase classname="newCar.BCH.Acquisition_Quotes_BCH_PCH_with_maintenance_Test" name="aquisition_quotes_BCH_PCH_after_discount_calculations_with_maintenance_test" time="4.15"/>
  <testcase classname="newCar.BCH.Acquisition_Quotes_BCH_PCH_with_maintenance_Test" name="aquisition_quotes_BCH_PCH_holding_cost_calculations_with_maintenance_test" time="27.919"/>
  <testcase classname="newCar.BCH.Acquisition_Quotes_BCH_PCH_with_maintenance_Test" name="aquisition_quotes_BCH_PCH_customer_quote_payment_profile_calculations_with_maintenance_test" time="67.891">
    <failure type="java.lang.AssertionError" message="expected [true] but found [false]">
      <![CDATA[java.lang.AssertionError: expected [true] but found [false]
at newCar.BCH.Acquisition_Quotes_BCH_PCH_with_maintenance_Test.aquisition_quotes_BCH_PCH_customer_quote_payment_profile_calculations_with_maintenance_test(Acquisition_Quotes_BCH_PCH_with_maintenance_Test.java:159)
at java.base/java.util.ArrayList.forEach(ArrayList.java:1511)
... Removed 29 stack frames]]>
    </failure>
  </testcase> <!-- aquisition_quotes_BCH_PCH_customer_quote_payment_profile_calculations_with_maintenance_test -->
  <testcase classname="newCar.BCH.Acquisition_Quotes_BCH_PCH_with_maintenance_Test" name="aquisition_quotes_BCH_PCH_quote_summary_values_verification_with_maintenance_test" time="0.0">
    <skipped/>
  </testcase> <!-- aquisition_quotes_BCH_PCH_quote_summary_values_verification_with_maintenance_test -->
  <testcase classname="newCar.FL.Acquisition_Quotes_FL_BCH_with_funder_quote_addition_with_maintenance_Test" name="aquisition_quotes_FL_BCH_OTR_calculation_with_maintenance_test" time="162.846"/>
  <testcase classname="newCar.FL.Acquisition_Quotes_FL_BCH_with_funder_quote_addition_with_maintenance_Test" name="aquisition_quotes_FL_BCH_after_discount_calculations_with_maintenance_test" time="4.521"/>
  <testcase classname="newCar.FL.Acquisition_Quotes_FL_BCH_with_funder_quote_addition_with_maintenance_Test" name="aquisition_quotes_FL_BCH_holding_cost_calculations_with_maintenance_test" time="39.75"/>
  <testcase classname="newCar.FL.Acquisition_Quotes_FL_BCH_with_funder_quote_addition_with_maintenance_Test" name="aquisition_quotes_FL_BCH_customer_quote_payment_profile_calculations_with_maintenance_test" time="88.733"/>
  <testcase classname="newCar.FL.Acquisition_Quotes_FL_BCH_with_funder_quote_addition_with_maintenance_Test" name="aquisition_quotes_FL_BCH_quote_summary_values_verification_with_maintenance_test" time="51.007">
    <failure type="org.openqa.selenium.TimeoutException" message="Expected condition failed: waiting for visibility of [[ChromeDriver: chrome on WINDOWS (292498b78e3af018cd9c6483a7edd84b)] -&amp;gt; xpath: //app-hire-customer-quote-summary-detail//*[normalize-space()=&amp;apos;Initial finance rental&amp;apos;]//ancestor::div[1]//div/p/strong] (tried for 20 second(s) with 500 milliseconds interval)
Build info: version: &amp;apos;4.1.0&amp;apos;, revision: &amp;apos;87802e897b&amp;apos;
System info: host: &amp;apos;DSK-4052&amp;apos;, ip: &amp;apos;172.16.1.80&amp;apos;, os.name: &amp;apos;Windows 10&amp;apos;, os.arch: &amp;apos;amd64&amp;apos;, os.version: &amp;apos;10.0&amp;apos;, java.version: &amp;apos;19.0.1&amp;apos;
Driver info: org.openqa.selenium.chrome.ChromeDriver
Capabilities {acceptInsecureCerts: false, browserName: chrome, browserVersion: 136.0.7103.48, chrome: {chromedriverVersion: 135.0.7049.42 (0f351bbd2617..., userDataDir: C:\Users\NITEIN~1.KUR\AppDa...}, fedcm:accounts: true, goog:chromeOptions: {debuggerAddress: localhost:51800}, javascriptEnabled: true, networkConnectionEnabled: false, pageLoadStrategy: normal, platform: WINDOWS, platformName: WINDOWS, proxy: Proxy(), se:cdp: ws://localhost:51800/devtoo..., se:cdpVersion: 136.0.7103.48, setWindowRect: true, strictFileInteractability: false, timeouts: {implicit: 0, pageLoad: 300000, script: 30000}, unhandledPromptBehavior: dismiss and notify, webauthn:extension:credBlob: true, webauthn:extension:largeBlob: true, webauthn:extension:minPinLength: true, webauthn:extension:prf: true, webauthn:virtualAuthenticators: true}
Session ID: 292498b78e3af018cd9c6483a7edd84b">
      <![CDATA[org.openqa.selenium.TimeoutException: Expected condition failed: waiting for visibility of [[ChromeDriver: chrome on WINDOWS (292498b78e3af018cd9c6483a7edd84b)] -> xpath: //app-hire-customer-quote-summary-detail//*[normalize-space()='Initial finance rental']//ancestor::div[1]//div/p/strong] (tried for 20 second(s) with 500 milliseconds interval)
Build info: version: '4.1.0', revision: '87802e897b'
System info: host: 'DSK-4052', ip: '172.16.1.80', os.name: 'Windows 10', os.arch: 'amd64', os.version: '10.0', java.version: '19.0.1'
Driver info: org.openqa.selenium.chrome.ChromeDriver
Capabilities {acceptInsecureCerts: false, browserName: chrome, browserVersion: 136.0.7103.48, chrome: {chromedriverVersion: 135.0.7049.42 (0f351bbd2617..., userDataDir: C:\Users\NITEIN~1.KUR\AppDa...}, fedcm:accounts: true, goog:chromeOptions: {debuggerAddress: localhost:51800}, javascriptEnabled: true, networkConnectionEnabled: false, pageLoadStrategy: normal, platform: WINDOWS, platformName: WINDOWS, proxy: Proxy(), se:cdp: ws://localhost:51800/devtoo..., se:cdpVersion: 136.0.7103.48, setWindowRect: true, strictFileInteractability: false, timeouts: {implicit: 0, pageLoad: 300000, script: 30000}, unhandledPromptBehavior: dismiss and notify, webauthn:extension:credBlob: true, webauthn:extension:largeBlob: true, webauthn:extension:minPinLength: true, webauthn:extension:prf: true, webauthn:virtualAuthenticators: true}
Session ID: 292498b78e3af018cd9c6483a7edd84b
at org.openqa.selenium.support.ui.WebDriverWait.timeoutException(WebDriverWait.java:138)
at org.openqa.selenium.support.ui.FluentWait.until(FluentWait.java:231)
at com.amt.testUtil.ExplicitWait.visibleElement(ExplicitWait.java:23)
at com.amt.QuoteSummaryPages.QuoteSummary_FL_BCHPage.quote_summary_customer_quote_summary_value_verification_with_maintenance(QuoteSummary_FL_BCHPage.java:1116)
at newCar.FL.Acquisition_Quotes_FL_BCH_with_funder_quote_addition_with_maintenance_Test.aquisition_quotes_FL_BCH_quote_summary_values_verification_with_maintenance_test(Acquisition_Quotes_FL_BCH_with_funder_quote_addition_with_maintenance_Test.java:175)
at java.base/java.util.ArrayList.forEach(ArrayList.java:1511)
... Removed 25 stack frames]]>
    </failure>
  </testcase> <!-- aquisition_quotes_FL_BCH_quote_summary_values_verification_with_maintenance_test -->
  <testcase classname="newCar.BCH.Acquisition_Quotes_BCH_BCH_with_maintenance_Test" name="aquisition_quotes_BCH_BCH_OTR_calculation_with_maintenance_test" time="163.321"/>
  <testcase classname="newCar.BCH.Acquisition_Quotes_BCH_BCH_with_maintenance_Test" name="aquisition_quotes_BCH_BCH_after_discount_calculations_with_maintenance_test" time="4.519"/>
  <testcase classname="newCar.BCH.Acquisition_Quotes_BCH_BCH_with_maintenance_Test" name="aquisition_quotes_BCH_BCH_holding_cost_calculations_with_maintenance_test" time="29.332"/>
  <testcase classname="newCar.BCH.Acquisition_Quotes_BCH_BCH_with_maintenance_Test" name="aquisition_quotes_BCH_BCH_customer_quote_payment_profile_calculations_with_maintenance_test" time="120.706"/>
  <testcase classname="newCar.BCH.Acquisition_Quotes_BCH_BCH_with_maintenance_Test" name="aquisition_quotes_BCH_BCH_quote_summary_values_verification_with_maintenance_test" time="157.497">
    <failure type="org.openqa.selenium.TimeoutException" message="Expected condition failed: waiting for visibility of [[ChromeDriver: chrome on WINDOWS (3e0cdd3f3bf9d95246e97f76f266cfb0)] -&amp;gt; xpath: //*[normalize-space()=&amp;apos;Initial finance rental&amp;apos;]//ancestor::div[1]//div/p/strong] (tried for 20 second(s) with 500 milliseconds interval)
Build info: version: &amp;apos;4.1.0&amp;apos;, revision: &amp;apos;87802e897b&amp;apos;
System info: host: &amp;apos;DSK-4052&amp;apos;, ip: &amp;apos;172.16.1.80&amp;apos;, os.name: &amp;apos;Windows 10&amp;apos;, os.arch: &amp;apos;amd64&amp;apos;, os.version: &amp;apos;10.0&amp;apos;, java.version: &amp;apos;19.0.1&amp;apos;
Driver info: org.openqa.selenium.chrome.ChromeDriver
Capabilities {acceptInsecureCerts: false, browserName: chrome, browserVersion: 136.0.7103.48, chrome: {chromedriverVersion: 135.0.7049.42 (0f351bbd2617..., userDataDir: C:\Users\NITEIN~1.KUR\AppDa...}, fedcm:accounts: true, goog:chromeOptions: {debuggerAddress: localhost:51999}, javascriptEnabled: true, networkConnectionEnabled: false, pageLoadStrategy: normal, platform: WINDOWS, platformName: WINDOWS, proxy: Proxy(), se:cdp: ws://localhost:51999/devtoo..., se:cdpVersion: 136.0.7103.48, setWindowRect: true, strictFileInteractability: false, timeouts: {implicit: 0, pageLoad: 300000, script: 30000}, unhandledPromptBehavior: dismiss and notify, webauthn:extension:credBlob: true, webauthn:extension:largeBlob: true, webauthn:extension:minPinLength: true, webauthn:extension:prf: true, webauthn:virtualAuthenticators: true}
Session ID: 3e0cdd3f3bf9d95246e97f76f266cfb0">
      <![CDATA[org.openqa.selenium.TimeoutException: Expected condition failed: waiting for visibility of [[ChromeDriver: chrome on WINDOWS (3e0cdd3f3bf9d95246e97f76f266cfb0)] -> xpath: //*[normalize-space()='Initial finance rental']//ancestor::div[1]//div/p/strong] (tried for 20 second(s) with 500 milliseconds interval)
Build info: version: '4.1.0', revision: '87802e897b'
System info: host: 'DSK-4052', ip: '172.16.1.80', os.name: 'Windows 10', os.arch: 'amd64', os.version: '10.0', java.version: '19.0.1'
Driver info: org.openqa.selenium.chrome.ChromeDriver
Capabilities {acceptInsecureCerts: false, browserName: chrome, browserVersion: 136.0.7103.48, chrome: {chromedriverVersion: 135.0.7049.42 (0f351bbd2617..., userDataDir: C:\Users\NITEIN~1.KUR\AppDa...}, fedcm:accounts: true, goog:chromeOptions: {debuggerAddress: localhost:51999}, javascriptEnabled: true, networkConnectionEnabled: false, pageLoadStrategy: normal, platform: WINDOWS, platformName: WINDOWS, proxy: Proxy(), se:cdp: ws://localhost:51999/devtoo..., se:cdpVersion: 136.0.7103.48, setWindowRect: true, strictFileInteractability: false, timeouts: {implicit: 0, pageLoad: 300000, script: 30000}, unhandledPromptBehavior: dismiss and notify, webauthn:extension:credBlob: true, webauthn:extension:largeBlob: true, webauthn:extension:minPinLength: true, webauthn:extension:prf: true, webauthn:virtualAuthenticators: true}
Session ID: 3e0cdd3f3bf9d95246e97f76f266cfb0
at org.openqa.selenium.support.ui.WebDriverWait.timeoutException(WebDriverWait.java:138)
at org.openqa.selenium.support.ui.FluentWait.until(FluentWait.java:231)
at com.amt.testUtil.ExplicitWait.visibleElement(ExplicitWait.java:23)
at com.amt.QuoteSummaryPages.QuoteSummary_BCH_BCH_Page.quote_summary_customer_quote_summary_value_verification_with_maintenance(QuoteSummary_BCH_BCH_Page.java:969)
at newCar.BCH.Acquisition_Quotes_BCH_BCH_with_maintenance_Test.aquisition_quotes_BCH_BCH_quote_summary_values_verification_with_maintenance_test(Acquisition_Quotes_BCH_BCH_with_maintenance_Test.java:262)
at java.base/java.util.ArrayList.forEach(ArrayList.java:1511)
... Removed 25 stack frames]]>
    </failure>
  </testcase> <!-- aquisition_quotes_BCH_BCH_quote_summary_values_verification_with_maintenance_test -->
  <testcase classname="com.amt.testBase.TestBase" name="@AfterSuite end" time="0.0">
    <ignored/>
  </testcase> <!-- @AfterSuite end -->
  <testcase classname="com.amt.testBase.TestBase" name="@AfterSuite end" time="0.0">
    <ignored/>
  </testcase> <!-- @AfterSuite end -->
  <testcase classname="com.amt.testBase.TestBase" name="@AfterSuite end" time="0.0">
    <ignored/>
  </testcase> <!-- @AfterSuite end -->
  <testcase classname="com.amt.testBase.TestBase" name="@BeforeTest start_info" time="0.0">
    <ignored/>
  </testcase> <!-- @BeforeTest start_info -->
  <testcase classname="com.amt.testBase.TestBase" name="@BeforeTest start_info" time="0.0">
    <ignored/>
  </testcase> <!-- @BeforeTest start_info -->
  <testcase classname="com.amt.testBase.TestBase" name="@BeforeTest start_info" time="0.0">
    <ignored/>
  </testcase> <!-- @BeforeTest start_info -->
</testsuite> <!-- Test -->
